<?xml version="1.0" encoding="UTF-8"?>
<!-- Generated by org.testng.reporters.JUnitReportReporter -->
<testsuite hostname="USAV1L930" failures="0" tests="1" name="Pages.CartPage" time="0.088" errors="0" timestamp="2022-04-04T18:59:26 EDT" skipped="0">
  <testcase classname="Pages.CartPage" name="testing" time="0.088"/>
  <system-out/>
</testsuite> <!-- Pages.CartPage -->
