<?xml version="1.0" encoding="UTF-8"?>
<!-- Generated by org.testng.reporters.JUnitReportReporter -->
<testsuite hostname="USAV1L930" failures="0" tests="2" name="Pages.SearchResultsPage" time="127.509" errors="0" timestamp="2022-04-05T15:00:39 EDT" skipped="1">
  <testcase classname="Pages.SearchResultsPage" name="addLastItemToCart" time="127.509"/>
  <system-out/>
  <testcase classname="Pages.SearchResultsPage" name="verifySearchFunctionality">
    <skipped/>
  </testcase> <!-- verifySearchFunctionality -->
  <system-out/>
</testsuite> <!-- Pages.SearchResultsPage -->
