<?xml version="1.0" encoding="UTF-8"?>
<!-- Generated by org.testng.reporters.JUnitReportReporter -->
<testsuite hostname="USAV1L930" failures="0" tests="1" name="Tests.InterviewTask" time="162.413" errors="0" timestamp="2022-04-05T22:07:18 EDT" skipped="0">
  <testcase classname="Tests.InterviewTask" name="verifySearchResultsContainCertainWord" time="162.413"/>
  <system-out/>
</testsuite> <!-- Tests.InterviewTask -->
