<?xml version="1.0" encoding="UTF-8"?>
<!-- Generated by org.testng.reporters.JUnitReportReporter -->
<testsuite hostname="USAV1L930" failures="0" tests="1" name="Pages.HomePage" time="0.574" errors="0" timestamp="2022-04-04T18:32:34 EDT" skipped="0">
  <testcase classname="Pages.HomePage" name="hamada" time="0.574"/>
  <system-out/>
</testsuite> <!-- Pages.HomePage -->
